-encoding
UTF-8
-showWeaveInfo
-source
1.5
-target
1.5
-classpath
D:\javaTools\apache-maven-3.3.9\repository\org\apache\shiro\shiro-aspectj\1.3.2\shiro-aspectj-1.3.2.jar;D:\javaTools\apache-maven-3.3.9\repository\commons-lang\commons-lang\2.4\commons-lang-2.4.jar;D:\javaTools\apache-maven-3.3.9\repository\log4j\log4j\1.2.16\log4j-1.2.16.jar;D:\javaTools\apache-maven-3.3.9\repository\org\slf4j\slf4j-log4j12\1.6.4\slf4j-log4j12-1.6.4.jar;D:\javaTools\apache-maven-3.3.9\repository\junit\junit\4.8.2\junit-4.8.2.jar;D:\javaTools\apache-maven-3.3.9\repository\org\easymock\easymock\3.1\easymock-3.1.jar;D:\javaTools\apache-maven-3.3.9\repository\org\codehaus\groovy\groovy-all\1.8.5\groovy-all-1.8.5.jar;D:\javaTools\apache-maven-3.3.9\repository\org\powermock\powermock-module-junit4\1.5\powermock-module-junit4-1.5.jar;D:\javaTools\apache-maven-3.3.9\repository\org\powermock\powermock-api-easymock\1.5\powermock-api-easymock-1.5.jar;D:\javaTools\apache-maven-3.3.9\repository\org\apache\shiro\shiro-core\1.3.2\shiro-core-1.3.2.jar;D:\javaTools\apache-maven-3.3.9\repository\commons-beanutils\commons-beanutils\1.8.3\commons-beanutils-1.8.3.jar;D:\javaTools\apache-maven-3.3.9\repository\org\aspectj\aspectjrt\1.8.6\aspectjrt-1.8.6.jar;D:\javaTools\apache-maven-3.3.9\repository\org\aspectj\aspectjweaver\1.8.6\aspectjweaver-1.8.6.jar;D:\javaTools\apache-maven-3.3.9\repository\org\slf4j\slf4j-api\1.6.4\slf4j-api-1.6.4.jar;E:\github\shiro-root-1.3.2\samples\aspectj\target\classes
-aspectpath
D:\javaTools\apache-maven-3.3.9\repository\org\apache\shiro\shiro-aspectj\1.3.2\shiro-aspectj-1.3.2.jar
-d
E:\github\shiro-root-1.3.2\samples\aspectj\target\classes
E:\github\shiro-root-1.3.2\samples\aspectj\src\main\java\org\apache\shiro\samples\aspectj\bank\Account.java
E:\github\shiro-root-1.3.2\samples\aspectj\src\main\java\org\apache\shiro\samples\aspectj\bank\AccountNotFoundException.java
E:\github\shiro-root-1.3.2\samples\aspectj\src\main\java\org\apache\shiro\samples\aspectj\bank\AccountTransaction.java
E:\github\shiro-root-1.3.2\samples\aspectj\src\main\java\org\apache\shiro\samples\aspectj\bank\BankServerRunner.java
E:\github\shiro-root-1.3.2\samples\aspectj\src\main\java\org\apache\shiro\samples\aspectj\bank\BankService.java
E:\github\shiro-root-1.3.2\samples\aspectj\src\main\java\org\apache\shiro\samples\aspectj\bank\BankServiceException.java
E:\github\shiro-root-1.3.2\samples\aspectj\src\main\java\org\apache\shiro\samples\aspectj\bank\InactiveAccountException.java
E:\github\shiro-root-1.3.2\samples\aspectj\src\main\java\org\apache\shiro\samples\aspectj\bank\NotEnoughFundsException.java
E:\github\shiro-root-1.3.2\samples\aspectj\src\main\java\org\apache\shiro\samples\aspectj\bank\SecureBankService.java
